
[32m>>>>>>>>>>>>>>>>>>>>>>>>>>>>>>> [0m[32mNEW INSTANCE OF THE APPLICATION[0m[32m <<<<<<<<<<<<<<<<<<<<<<<<<<<<<<<[0m

[36m[ 16:08:08 ] (l. 42) ft_wordexp.c         -> ------------  ft_wordexp -------------------------[0m
[36m[ 16:08:08 ] (l. 43) ft_wordexp.c         -> Word : [echo][0m
[31m[1;33m[ 16:08:08 ] (l.235) param_expand.c       -> Word-exp : [echo][0m
[36m[ 16:08:08 ] (l. 42) ft_wordexp.c         -> ------------  ft_wordexp -------------------------[0m
[36m[ 16:08:08 ] (l. 43) ft_wordexp.c         -> Word : [${SHLVL}][0m
[31m[1;33m[ 16:08:08 ] (l.162) param_expand.c       -> ---------------- build_param -------------[0m
[31m[1;33m[ 16:08:08 ] (l.136) param_expand.c       -> exp SUP[0m
[31m[1;33m[ 16:08:08 ] (l.116) param_expand.c       -> ------------------ classic_sub -------------------[0m
[31m[1;33m[ 16:08:08 ] (l. 74) param_expand.c       -> get_var_exp  CURSOR == [SHLVL}][0m
[31m[1;33m[ 16:08:08 ] (l. 88) param_expand.c       -> get_var_exp == [SHLVL][0m
[31m[1;33m[ 16:08:08 ] (l.126) param_expand.c       -> classic_sub ret[0m
[31m[1;33m[ 16:08:08 ] (l.179) param_expand.c       -> result build_param = [3][0m
[31m[1;33m[ 16:08:08 ] (l.186) param_expand.c       -> --------- expand param --------- [3]  [0m
[36m[ 16:08:08 ] (l. 23) expansion_util.c     -> word->data.len : [0][0m
[36m[ 16:08:08 ] (l. 24) expansion_util.c     -> word->str  : [][0m
[36m[ 16:08:08 ] (l. 25) expansion_util.c     -> to_insert : [3][0m
[31m[1;33m[ 16:08:08 ] (l.235) param_expand.c       -> Word-exp : [3][0m
[36m[ 16:08:12 ] (l. 42) ft_wordexp.c         -> ------------  ft_wordexp -------------------------[0m
[36m[ 16:08:12 ] (l. 43) ft_wordexp.c         -> Word : [echo][0m
[31m[1;33m[ 16:08:12 ] (l.235) param_expand.c       -> Word-exp : [echo][0m
[36m[ 16:08:12 ] (l. 42) ft_wordexp.c         -> ------------  ft_wordexp -------------------------[0m
[36m[ 16:08:12 ] (l. 43) ft_wordexp.c         -> Word : [${SHLVL:-WORD}][0m
[31m[1;33m[ 16:08:12 ] (l.162) param_expand.c       -> ---------------- build_param -------------[0m
[31m[1;33m[ 16:08:12 ] (l.136) param_expand.c       -> exp SUP[0m
[31m[1;33m[ 16:08:12 ] (l. 95) param_expand.c       -> ------------------ substitute_word_if_null -------------------[0m
[31m[1;33m[ 16:08:12 ] (l. 74) param_expand.c       -> get_var_exp  CURSOR == [SHLVL:-WORD}][0m
[31m[1;33m[ 16:08:12 ] (l. 88) param_expand.c       -> get_var_exp == [SHLVL][0m
[31m[1;33m[ 16:08:12 ] (l.110) param_expand.c       -> ENV_VALUE : [3][0m
[31m[1;33m[ 16:08:12 ] (l.179) param_expand.c       -> result build_param = [3][0m
[31m[1;33m[ 16:08:12 ] (l.186) param_expand.c       -> --------- expand param --------- [3]  [0m
[36m[ 16:08:12 ] (l. 23) expansion_util.c     -> word->data.len : [0][0m
[36m[ 16:08:12 ] (l. 24) expansion_util.c     -> word->str  : [][0m
[36m[ 16:08:12 ] (l. 25) expansion_util.c     -> to_insert : [3][0m
[31m[1;33m[ 16:08:12 ] (l.235) param_expand.c       -> Word-exp : [3][0m
[36m[ 16:08:15 ] (l. 42) ft_wordexp.c         -> ------------  ft_wordexp -------------------------[0m
[36m[ 16:08:15 ] (l. 43) ft_wordexp.c         -> Word : [echo][0m
[31m[1;33m[ 16:08:15 ] (l.235) param_expand.c       -> Word-exp : [echo][0m
[36m[ 16:08:15 ] (l. 42) ft_wordexp.c         -> ------------  ft_wordexp -------------------------[0m
[36m[ 16:08:15 ] (l. 43) ft_wordexp.c         -> Word : [${SHLVLx:-WORD}][0m
[31m[1;33m[ 16:08:15 ] (l.162) param_expand.c       -> ---------------- build_param -------------[0m
[31m[1;33m[ 16:08:15 ] (l.136) param_expand.c       -> exp SUP[0m
[31m[1;33m[ 16:08:15 ] (l. 95) param_expand.c       -> ------------------ substitute_word_if_null -------------------[0m
[31m[1;33m[ 16:08:15 ] (l. 74) param_expand.c       -> get_var_exp  CURSOR == [SHLVLx:-WORD}][0m
[31m[1;33m[ 16:08:15 ] (l. 88) param_expand.c       -> get_var_exp == [SHLVLx][0m
[31m[1;33m[ 16:08:15 ] (l. 63) param_expand.c       -> -----------  check_second_exp_var : [-WORD}] ------------  [0m
[31m[1;33m[ 16:08:15 ] (l. 68) param_expand.c       -> var_name = WORD[0m
[31m[1;33m[ 16:08:15 ] (l.110) param_expand.c       -> ENV_VALUE : [WORD][0m
[31m[1;33m[ 16:08:15 ] (l.179) param_expand.c       -> result build_param = [WORD][0m
[31m[1;33m[ 16:08:15 ] (l.186) param_expand.c       -> --------- expand param --------- [WORD]  [0m
[36m[ 16:08:15 ] (l. 23) expansion_util.c     -> word->data.len : [0][0m
[36m[ 16:08:15 ] (l. 24) expansion_util.c     -> word->str  : [][0m
[36m[ 16:08:15 ] (l. 25) expansion_util.c     -> to_insert : [WORD][0m
[31m[1;33m[ 16:08:15 ] (l.235) param_expand.c       -> Word-exp : [WORD][0m
[36m[ 16:08:17 ] (l. 42) ft_wordexp.c         -> ------------  ft_wordexp -------------------------[0m
[36m[ 16:08:17 ] (l. 43) ft_wordexp.c         -> Word : [echo][0m
[31m[1;33m[ 16:08:17 ] (l.235) param_expand.c       -> Word-exp : [echo][0m
[36m[ 16:08:17 ] (l. 42) ft_wordexp.c         -> ------------  ft_wordexp -------------------------[0m
[36m[ 16:08:17 ] (l. 43) ft_wordexp.c         -> Word : [${SHLVLx-WORD}][0m
[31m[1;33m[ 16:08:17 ] (l.162) param_expand.c       -> ---------------- build_param -------------[0m
[31m[1;33m[ 16:08:17 ] (l.136) param_expand.c       -> exp SUP[0m
[31m[1;33m[ 16:08:17 ] (l.116) param_expand.c       -> ------------------ classic_sub -------------------[0m
[31m[1;33m[ 16:08:17 ] (l. 74) param_expand.c       -> get_var_exp  CURSOR == [SHLVLx-WORD}][0m
[31m[1;33m[ 16:08:17 ] (l. 88) param_expand.c       -> get_var_exp == [SHLVLx-WORD][0m
[31m[1;33m[ 16:08:17 ] (l.126) param_expand.c       -> classic_sub ret[0m

[32m>>>>>>>>>>>>>>>>>>>>>>>>>>>>>>> [0m[32mNEW INSTANCE OF THE APPLICATION[0m[32m <<<<<<<<<<<<<<<<<<<<<<<<<<<<<<<[0m

[36m[ 16:08:45 ] (l. 42) ft_wordexp.c         -> ------------  ft_wordexp -------------------------[0m
[36m[ 16:08:45 ] (l. 43) ft_wordexp.c         -> Word : [echo][0m
[31m[1;33m[ 16:08:45 ] (l.235) param_expand.c       -> Word-exp : [echo][0m
[36m[ 16:08:45 ] (l. 42) ft_wordexp.c         -> ------------  ft_wordexp -------------------------[0m
[36m[ 16:08:45 ] (l. 43) ft_wordexp.c         -> Word : [${SHLVL}][0m
[31m[1;33m[ 16:08:45 ] (l.162) param_expand.c       -> ---------------- build_param -------------[0m
[31m[1;33m[ 16:08:45 ] (l.136) param_expand.c       -> exp SUP[0m
[31m[1;33m[ 16:08:45 ] (l.116) param_expand.c       -> ------------------ classic_sub -------------------[0m
[31m[1;33m[ 16:08:45 ] (l. 74) param_expand.c       -> get_var_exp  CURSOR == [SHLVL}][0m
[31m[1;33m[ 16:08:45 ] (l. 88) param_expand.c       -> get_var_exp == [SHLVL][0m
[31m[1;33m[ 16:08:45 ] (l.126) param_expand.c       -> classic_sub ret[0m
[31m[1;33m[ 16:08:45 ] (l.179) param_expand.c       -> result build_param = [3][0m
[31m[1;33m[ 16:08:45 ] (l.186) param_expand.c       -> --------- expand param --------- [3]  [0m
[36m[ 16:08:45 ] (l. 23) expansion_util.c     -> word->data.len : [0][0m
[36m[ 16:08:45 ] (l. 24) expansion_util.c     -> word->str  : [][0m
[36m[ 16:08:45 ] (l. 25) expansion_util.c     -> to_insert : [3][0m
[31m[1;33m[ 16:08:45 ] (l.235) param_expand.c       -> Word-exp : [3][0m
[36m[ 16:08:47 ] (l. 42) ft_wordexp.c         -> ------------  ft_wordexp -------------------------[0m
[36m[ 16:08:47 ] (l. 43) ft_wordexp.c         -> Word : [echo][0m
[31m[1;33m[ 16:08:47 ] (l.235) param_expand.c       -> Word-exp : [echo][0m
[36m[ 16:08:47 ] (l. 42) ft_wordexp.c         -> ------------  ft_wordexp -------------------------[0m
[36m[ 16:08:47 ] (l. 43) ft_wordexp.c         -> Word : [${SHLVL:}][0m
[31m[1;33m[ 16:08:47 ] (l.162) param_expand.c       -> ---------------- build_param -------------[0m
[31m[1;33m[ 16:08:47 ] (l.136) param_expand.c       -> exp SUP[0m
[31m[1;33m[ 16:08:47 ] (l.116) param_expand.c       -> ------------------ classic_sub -------------------[0m
[31m[1;33m[ 16:08:47 ] (l. 74) param_expand.c       -> get_var_exp  CURSOR == [SHLVL:}][0m
[31m[1;33m[ 16:08:47 ] (l. 88) param_expand.c       -> get_var_exp == [SHLVL][0m
[31m[1;33m[ 16:08:47 ] (l.126) param_expand.c       -> classic_sub ret[0m
[31m[1;33m[ 16:08:47 ] (l.179) param_expand.c       -> result build_param = [3][0m
[31m[1;33m[ 16:08:47 ] (l.186) param_expand.c       -> --------- expand param --------- [3]  [0m
[36m[ 16:08:47 ] (l. 23) expansion_util.c     -> word->data.len : [0][0m
[36m[ 16:08:47 ] (l. 24) expansion_util.c     -> word->str  : [][0m
[36m[ 16:08:47 ] (l. 25) expansion_util.c     -> to_insert : [3][0m
[31m[1;33m[ 16:08:47 ] (l.235) param_expand.c       -> Word-exp : [3][0m
[36m[ 16:08:49 ] (l. 42) ft_wordexp.c         -> ------------  ft_wordexp -------------------------[0m
[36m[ 16:08:49 ] (l. 43) ft_wordexp.c         -> Word : [echo][0m
[31m[1;33m[ 16:08:49 ] (l.235) param_expand.c       -> Word-exp : [echo][0m
[36m[ 16:08:49 ] (l. 42) ft_wordexp.c         -> ------------  ft_wordexp -------------------------[0m
[36m[ 16:08:49 ] (l. 43) ft_wordexp.c         -> Word : [${SHLVL:-}][0m
[31m[1;33m[ 16:08:49 ] (l.162) param_expand.c       -> ---------------- build_param -------------[0m
[31m[1;33m[ 16:08:49 ] (l.136) param_expand.c       -> exp SUP[0m
[31m[1;33m[ 16:08:49 ] (l. 95) param_expand.c       -> ------------------ substitute_word_if_null -------------------[0m
[31m[1;33m[ 16:08:49 ] (l. 74) param_expand.c       -> get_var_exp  CURSOR == [SHLVL:-}][0m
[31m[1;33m[ 16:08:49 ] (l. 88) param_expand.c       -> get_var_exp == [SHLVL][0m
[31m[1;33m[ 16:08:49 ] (l.110) param_expand.c       -> ENV_VALUE : [3][0m
[31m[1;33m[ 16:08:49 ] (l.179) param_expand.c       -> result build_param = [3][0m
[31m[1;33m[ 16:08:49 ] (l.186) param_expand.c       -> --------- expand param --------- [3]  [0m
[36m[ 16:08:49 ] (l. 23) expansion_util.c     -> word->data.len : [0][0m
[36m[ 16:08:49 ] (l. 24) expansion_util.c     -> word->str  : [][0m
[36m[ 16:08:49 ] (l. 25) expansion_util.c     -> to_insert : [3][0m
[31m[1;33m[ 16:08:49 ] (l.235) param_expand.c       -> Word-exp : [3][0m
[36m[ 16:08:52 ] (l. 42) ft_wordexp.c         -> ------------  ft_wordexp -------------------------[0m
[36m[ 16:08:52 ] (l. 43) ft_wordexp.c         -> Word : [echo][0m
[31m[1;33m[ 16:08:52 ] (l.235) param_expand.c       -> Word-exp : [echo][0m
[36m[ 16:08:52 ] (l. 42) ft_wordexp.c         -> ------------  ft_wordexp -------------------------[0m
[36m[ 16:08:52 ] (l. 43) ft_wordexp.c         -> Word : [${SHLVL-}][0m
[31m[1;33m[ 16:08:52 ] (l.162) param_expand.c       -> ---------------- build_param -------------[0m
[31m[1;33m[ 16:08:52 ] (l.136) param_expand.c       -> exp SUP[0m
[31m[1;33m[ 16:08:52 ] (l.116) param_expand.c       -> ------------------ classic_sub -------------------[0m
[31m[1;33m[ 16:08:52 ] (l. 74) param_expand.c       -> get_var_exp  CURSOR == [SHLVL-}][0m
[31m[1;33m[ 16:08:52 ] (l. 88) param_expand.c       -> get_var_exp == [SHLVL-][0m
[31m[1;33m[ 16:08:52 ] (l.126) param_expand.c       -> classic_sub ret[0m
[31m[1;33m[ 16:08:52 ] (l.179) param_expand.c       -> result build_param = [3][0m
[31m[1;33m[ 16:08:52 ] (l.186) param_expand.c       -> --------- expand param --------- [3]  [0m
[36m[ 16:08:52 ] (l. 23) expansion_util.c     -> word->data.len : [0][0m
[36m[ 16:08:52 ] (l. 24) expansion_util.c     -> word->str  : [][0m
[36m[ 16:08:52 ] (l. 25) expansion_util.c     -> to_insert : [3][0m
[31m[1;33m[ 16:08:52 ] (l.235) param_expand.c       -> Word-exp : [3][0m
[36m[ 16:08:57 ] (l. 42) ft_wordexp.c         -> ------------  ft_wordexp -------------------------[0m
[36m[ 16:08:57 ] (l. 43) ft_wordexp.c         -> Word : [echo][0m
[31m[1;33m[ 16:08:57 ] (l.235) param_expand.c       -> Word-exp : [echo][0m
[36m[ 16:08:57 ] (l. 42) ft_wordexp.c         -> ------------  ft_wordexp -------------------------[0m
[36m[ 16:08:57 ] (l. 43) ft_wordexp.c         -> Word : [${SHLVL-s}][0m
[31m[1;33m[ 16:08:57 ] (l.162) param_expand.c       -> ---------------- build_param -------------[0m
[31m[1;33m[ 16:08:57 ] (l.136) param_expand.c       -> exp SUP[0m
[31m[1;33m[ 16:08:57 ] (l.116) param_expand.c       -> ------------------ classic_sub -------------------[0m
[31m[1;33m[ 16:08:57 ] (l. 74) param_expand.c       -> get_var_exp  CURSOR == [SHLVL-s}][0m
[31m[1;33m[ 16:08:57 ] (l. 88) param_expand.c       -> get_var_exp == [SHLVL-s][0m
[31m[1;33m[ 16:08:57 ] (l.126) param_expand.c       -> classic_sub ret[0m
[31m[1;33m[ 16:08:57 ] (l.179) param_expand.c       -> result build_param = [3][0m
[31m[1;33m[ 16:08:57 ] (l.186) param_expand.c       -> --------- expand param --------- [3]  [0m
[36m[ 16:08:57 ] (l. 23) expansion_util.c     -> word->data.len : [0][0m
[36m[ 16:08:57 ] (l. 24) expansion_util.c     -> word->str  : [][0m
[36m[ 16:08:57 ] (l. 25) expansion_util.c     -> to_insert : [3][0m
[31m[1;33m[ 16:08:57 ] (l.235) param_expand.c       -> Word-exp : [3][0m
[36m[ 16:09:00 ] (l. 42) ft_wordexp.c         -> ------------  ft_wordexp -------------------------[0m
[36m[ 16:09:00 ] (l. 43) ft_wordexp.c         -> Word : [echo][0m
[31m[1;33m[ 16:09:00 ] (l.235) param_expand.c       -> Word-exp : [echo][0m
[36m[ 16:09:00 ] (l. 42) ft_wordexp.c         -> ------------  ft_wordexp -------------------------[0m
[36m[ 16:09:00 ] (l. 43) ft_wordexp.c         -> Word : [${SHLVL-swdw}][0m
[31m[1;33m[ 16:09:00 ] (l.162) param_expand.c       -> ---------------- build_param -------------[0m
[31m[1;33m[ 16:09:00 ] (l.136) param_expand.c       -> exp SUP[0m
[31m[1;33m[ 16:09:00 ] (l.116) param_expand.c       -> ------------------ classic_sub -------------------[0m
[31m[1;33m[ 16:09:00 ] (l. 74) param_expand.c       -> get_var_exp  CURSOR == [SHLVL-swdw}][0m
[31m[1;33m[ 16:09:00 ] (l. 88) param_expand.c       -> get_var_exp == [SHLVL-swdw][0m
[31m[1;33m[ 16:09:00 ] (l.126) param_expand.c       -> classic_sub ret[0m
[31m[1;33m[ 16:09:00 ] (l.179) param_expand.c       -> result build_param = [3][0m
[31m[1;33m[ 16:09:00 ] (l.186) param_expand.c       -> --------- expand param --------- [3]  [0m
[36m[ 16:09:00 ] (l. 23) expansion_util.c     -> word->data.len : [0][0m
[36m[ 16:09:00 ] (l. 24) expansion_util.c     -> word->str  : [][0m
[36m[ 16:09:00 ] (l. 25) expansion_util.c     -> to_insert : [3][0m
[31m[1;33m[ 16:09:00 ] (l.235) param_expand.c       -> Word-exp : [3][0m
[36m[ 16:09:02 ] (l. 42) ft_wordexp.c         -> ------------  ft_wordexp -------------------------[0m
[36m[ 16:09:02 ] (l. 43) ft_wordexp.c         -> Word : [echo][0m
[31m[1;33m[ 16:09:02 ] (l.235) param_expand.c       -> Word-exp : [echo][0m
[36m[ 16:09:02 ] (l. 42) ft_wordexp.c         -> ------------  ft_wordexp -------------------------[0m
[36m[ 16:09:02 ] (l. 43) ft_wordexp.c         -> Word : [${SHLVLx-swdw}][0m
[31m[1;33m[ 16:09:02 ] (l.162) param_expand.c       -> ---------------- build_param -------------[0m
[31m[1;33m[ 16:09:02 ] (l.136) param_expand.c       -> exp SUP[0m
[31m[1;33m[ 16:09:02 ] (l.116) param_expand.c       -> ------------------ classic_sub -------------------[0m
[31m[1;33m[ 16:09:02 ] (l. 74) param_expand.c       -> get_var_exp  CURSOR == [SHLVLx-swdw}][0m
[31m[1;33m[ 16:09:02 ] (l. 88) param_expand.c       -> get_var_exp == [SHLVLx-swdw][0m
[31m[1;33m[ 16:09:02 ] (l.126) param_expand.c       -> classic_sub ret[0m

[32m>>>>>>>>>>>>>>>>>>>>>>>>>>>>>>> [0m[32mNEW INSTANCE OF THE APPLICATION[0m[32m <<<<<<<<<<<<<<<<<<<<<<<<<<<<<<<[0m

[36m[ 16:09:08 ] (l. 42) ft_wordexp.c         -> ------------  ft_wordexp -------------------------[0m
[36m[ 16:09:08 ] (l. 43) ft_wordexp.c         -> Word : [echo][0m
[31m[1;33m[ 16:09:08 ] (l.235) param_expand.c       -> Word-exp : [echo][0m
[36m[ 16:09:08 ] (l. 42) ft_wordexp.c         -> ------------  ft_wordexp -------------------------[0m
[36m[ 16:09:08 ] (l. 43) ft_wordexp.c         -> Word : [${SHLVLx-sw}][0m
[31m[1;33m[ 16:09:08 ] (l.162) param_expand.c       -> ---------------- build_param -------------[0m
[31m[1;33m[ 16:09:08 ] (l.136) param_expand.c       -> exp SUP[0m
[31m[1;33m[ 16:09:08 ] (l.116) param_expand.c       -> ------------------ classic_sub -------------------[0m
[31m[1;33m[ 16:09:08 ] (l. 74) param_expand.c       -> get_var_exp  CURSOR == [SHLVLx-sw}][0m
[31m[1;33m[ 16:09:08 ] (l. 88) param_expand.c       -> get_var_exp == [SHLVLx-sw][0m
[31m[1;33m[ 16:09:08 ] (l.126) param_expand.c       -> classic_sub ret[0m

[32m>>>>>>>>>>>>>>>>>>>>>>>>>>>>>>> [0m[32mNEW INSTANCE OF THE APPLICATION[0m[32m <<<<<<<<<<<<<<<<<<<<<<<<<<<<<<<[0m

[36m[ 16:09:14 ] (l. 42) ft_wordexp.c         -> ------------  ft_wordexp -------------------------[0m
[36m[ 16:09:14 ] (l. 43) ft_wordexp.c         -> Word : [echo][0m
[31m[1;33m[ 16:09:14 ] (l.235) param_expand.c       -> Word-exp : [echo][0m
[36m[ 16:09:14 ] (l. 42) ft_wordexp.c         -> ------------  ft_wordexp -------------------------[0m
[36m[ 16:09:14 ] (l. 43) ft_wordexp.c         -> Word : [${SHLVL-:WORD}][0m
[31m[1;33m[ 16:09:14 ] (l.162) param_expand.c       -> ---------------- build_param -------------[0m
[31m[1;33m[ 16:09:14 ] (l.136) param_expand.c       -> exp SUP[0m
[31m[1;33m[ 16:09:14 ] (l.116) param_expand.c       -> ------------------ classic_sub -------------------[0m
[31m[1;33m[ 16:09:14 ] (l. 74) param_expand.c       -> get_var_exp  CURSOR == [SHLVL-:WORD}][0m
[31m[1;33m[ 16:09:14 ] (l. 88) param_expand.c       -> get_var_exp == [SHLVL-][0m
[31m[1;33m[ 16:09:14 ] (l.126) param_expand.c       -> classic_sub ret[0m
[31m[1;33m[ 16:09:14 ] (l.179) param_expand.c       -> result build_param = [3][0m
[31m[1;33m[ 16:09:14 ] (l.186) param_expand.c       -> --------- expand param --------- [3]  [0m
[36m[ 16:09:14 ] (l. 23) expansion_util.c     -> word->data.len : [0][0m
[36m[ 16:09:14 ] (l. 24) expansion_util.c     -> word->str  : [][0m
[36m[ 16:09:14 ] (l. 25) expansion_util.c     -> to_insert : [3][0m
[31m[1;33m[ 16:09:14 ] (l.235) param_expand.c       -> Word-exp : [3][0m
[36m[ 16:09:17 ] (l. 42) ft_wordexp.c         -> ------------  ft_wordexp -------------------------[0m
[36m[ 16:09:17 ] (l. 43) ft_wordexp.c         -> Word : [echo][0m
[31m[1;33m[ 16:09:17 ] (l.235) param_expand.c       -> Word-exp : [echo][0m
[36m[ 16:09:17 ] (l. 42) ft_wordexp.c         -> ------------  ft_wordexp -------------------------[0m
[36m[ 16:09:17 ] (l. 43) ft_wordexp.c         -> Word : [${SHLVLx-:WORD}][0m
[31m[1;33m[ 16:09:17 ] (l.162) param_expand.c       -> ---------------- build_param -------------[0m
[31m[1;33m[ 16:09:17 ] (l.136) param_expand.c       -> exp SUP[0m
[31m[1;33m[ 16:09:17 ] (l.116) param_expand.c       -> ------------------ classic_sub -------------------[0m
[31m[1;33m[ 16:09:17 ] (l. 74) param_expand.c       -> get_var_exp  CURSOR == [SHLVLx-:WORD}][0m
[31m[1;33m[ 16:09:17 ] (l. 88) param_expand.c       -> get_var_exp == [SHLVLx-][0m
[31m[1;33m[ 16:09:17 ] (l.126) param_expand.c       -> classic_sub ret[0m

[32m>>>>>>>>>>>>>>>>>>>>>>>>>>>>>>> [0m[32mNEW INSTANCE OF THE APPLICATION[0m[32m <<<<<<<<<<<<<<<<<<<<<<<<<<<<<<<[0m

[36m[ 16:09:25 ] (l. 42) ft_wordexp.c         -> ------------  ft_wordexp -------------------------[0m
[36m[ 16:09:25 ] (l. 43) ft_wordexp.c         -> Word : [echo][0m
[31m[1;33m[ 16:09:25 ] (l.235) param_expand.c       -> Word-exp : [echo][0m
[36m[ 16:09:25 ] (l. 42) ft_wordexp.c         -> ------------  ft_wordexp -------------------------[0m
[36m[ 16:09:25 ] (l. 43) ft_wordexp.c         -> Word : [${SHLVLx:-word}][0m
[31m[1;33m[ 16:09:25 ] (l.162) param_expand.c       -> ---------------- build_param -------------[0m
[31m[1;33m[ 16:09:25 ] (l.136) param_expand.c       -> exp SUP[0m
[31m[1;33m[ 16:09:25 ] (l. 95) param_expand.c       -> ------------------ substitute_word_if_null -------------------[0m
[31m[1;33m[ 16:09:25 ] (l. 74) param_expand.c       -> get_var_exp  CURSOR == [SHLVLx:-word}][0m
[31m[1;33m[ 16:09:25 ] (l. 88) param_expand.c       -> get_var_exp == [SHLVLx][0m
[31m[1;33m[ 16:09:25 ] (l. 63) param_expand.c       -> -----------  check_second_exp_var : [-word}] ------------  [0m
[31m[1;33m[ 16:09:25 ] (l. 68) param_expand.c       -> var_name = word[0m
[31m[1;33m[ 16:09:25 ] (l.110) param_expand.c       -> ENV_VALUE : [word][0m
[31m[1;33m[ 16:09:25 ] (l.179) param_expand.c       -> result build_param = [word][0m
[31m[1;33m[ 16:09:25 ] (l.186) param_expand.c       -> --------- expand param --------- [word]  [0m
[36m[ 16:09:25 ] (l. 23) expansion_util.c     -> word->data.len : [0][0m
[36m[ 16:09:25 ] (l. 24) expansion_util.c     -> word->str  : [][0m
[36m[ 16:09:25 ] (l. 25) expansion_util.c     -> to_insert : [word][0m
[31m[1;33m[ 16:09:25 ] (l.235) param_expand.c       -> Word-exp : [word][0m
[36m[ 16:09:32 ] (l. 42) ft_wordexp.c         -> ------------  ft_wordexp -------------------------[0m
[36m[ 16:09:32 ] (l. 43) ft_wordexp.c         -> Word : [echo][0m
[31m[1;33m[ 16:09:32 ] (l.235) param_expand.c       -> Word-exp : [echo][0m
[36m[ 16:09:32 ] (l. 42) ft_wordexp.c         -> ------------  ft_wordexp -------------------------[0m
[36m[ 16:09:32 ] (l. 43) ft_wordexp.c         -> Word : [${SHLVL-word}][0m
[31m[1;33m[ 16:09:32 ] (l.162) param_expand.c       -> ---------------- build_param -------------[0m
[31m[1;33m[ 16:09:32 ] (l.136) param_expand.c       -> exp SUP[0m
[31m[1;33m[ 16:09:32 ] (l.116) param_expand.c       -> ------------------ classic_sub -------------------[0m
[31m[1;33m[ 16:09:32 ] (l. 74) param_expand.c       -> get_var_exp  CURSOR == [SHLVL-word}][0m
[31m[1;33m[ 16:09:32 ] (l. 88) param_expand.c       -> get_var_exp == [SHLVL-word][0m
[31m[1;33m[ 16:09:32 ] (l.126) param_expand.c       -> classic_sub ret[0m
[31m[1;33m[ 16:09:32 ] (l.179) param_expand.c       -> result build_param = [3][0m
[31m[1;33m[ 16:09:32 ] (l.186) param_expand.c       -> --------- expand param --------- [3]  [0m
[36m[ 16:09:32 ] (l. 23) expansion_util.c     -> word->data.len : [0][0m
[36m[ 16:09:32 ] (l. 24) expansion_util.c     -> word->str  : [][0m
[36m[ 16:09:32 ] (l. 25) expansion_util.c     -> to_insert : [3][0m
[31m[1;33m[ 16:09:32 ] (l.235) param_expand.c       -> Word-exp : [3][0m
[36m[ 16:09:35 ] (l. 42) ft_wordexp.c         -> ------------  ft_wordexp -------------------------[0m
[36m[ 16:09:35 ] (l. 43) ft_wordexp.c         -> Word : [echo][0m
[31m[1;33m[ 16:09:35 ] (l.235) param_expand.c       -> Word-exp : [echo][0m
[36m[ 16:09:35 ] (l. 42) ft_wordexp.c         -> ------------  ft_wordexp -------------------------[0m
[36m[ 16:09:35 ] (l. 43) ft_wordexp.c         -> Word : [${SHLVLx-word}][0m
[31m[1;33m[ 16:09:35 ] (l.162) param_expand.c       -> ---------------- build_param -------------[0m
[31m[1;33m[ 16:09:35 ] (l.136) param_expand.c       -> exp SUP[0m
[31m[1;33m[ 16:09:35 ] (l.116) param_expand.c       -> ------------------ classic_sub -------------------[0m
[31m[1;33m[ 16:09:35 ] (l. 74) param_expand.c       -> get_var_exp  CURSOR == [SHLVLx-word}][0m
[31m[1;33m[ 16:09:35 ] (l. 88) param_expand.c       -> get_var_exp == [SHLVLx-word][0m
[31m[1;33m[ 16:09:35 ] (l.126) param_expand.c       -> classic_sub ret[0m

[32m>>>>>>>>>>>>>>>>>>>>>>>>>>>>>>> [0m[32mNEW INSTANCE OF THE APPLICATION[0m[32m <<<<<<<<<<<<<<<<<<<<<<<<<<<<<<<[0m

[36m[ 16:09:55 ] (l. 42) ft_wordexp.c         -> ------------  ft_wordexp -------------------------[0m
[36m[ 16:09:55 ] (l. 43) ft_wordexp.c         -> Word : [echo][0m
[31m[1;33m[ 16:09:55 ] (l.235) param_expand.c       -> Word-exp : [echo][0m
[36m[ 16:09:55 ] (l. 42) ft_wordexp.c         -> ------------  ft_wordexp -------------------------[0m
[36m[ 16:09:55 ] (l. 43) ft_wordexp.c         -> Word : [${SHLVLs}][0m
[31m[1;33m[ 16:09:55 ] (l.162) param_expand.c       -> ---------------- build_param -------------[0m
[31m[1;33m[ 16:09:55 ] (l.136) param_expand.c       -> exp SUP[0m
[31m[1;33m[ 16:09:55 ] (l.116) param_expand.c       -> ------------------ classic_sub -------------------[0m
[31m[1;33m[ 16:09:55 ] (l. 74) param_expand.c       -> get_var_exp  CURSOR == [SHLVLs}][0m
[31m[1;33m[ 16:09:55 ] (l. 88) param_expand.c       -> get_var_exp == [SHLVLs][0m
[31m[1;33m[ 16:09:55 ] (l.126) param_expand.c       -> classic_sub ret[0m

[32m>>>>>>>>>>>>>>>>>>>>>>>>>>>>>>> [0m[32mNEW INSTANCE OF THE APPLICATION[0m[32m <<<<<<<<<<<<<<<<<<<<<<<<<<<<<<<[0m

[36m[ 16:10:26 ] (l. 42) ft_wordexp.c         -> ------------  ft_wordexp -------------------------[0m
[36m[ 16:10:26 ] (l. 43) ft_wordexp.c         -> Word : [echo][0m
[31m[1;33m[ 16:10:26 ] (l.235) param_expand.c       -> Word-exp : [echo][0m
[36m[ 16:10:26 ] (l. 42) ft_wordexp.c         -> ------------  ft_wordexp -------------------------[0m
[36m[ 16:10:26 ] (l. 43) ft_wordexp.c         -> Word : [${SHLVLz}][0m
[31m[1;33m[ 16:10:26 ] (l.162) param_expand.c       -> ---------------- build_param -------------[0m
[31m[1;33m[ 16:10:26 ] (l.136) param_expand.c       -> exp SUP[0m
[31m[1;33m[ 16:10:26 ] (l.116) param_expand.c       -> ------------------ classic_sub -------------------[0m
[31m[1;33m[ 16:10:26 ] (l. 74) param_expand.c       -> get_var_exp  CURSOR == [SHLVLz}][0m
[31m[1;33m[ 16:10:26 ] (l. 88) param_expand.c       -> get_var_exp == [SHLVLz][0m
[31m[1;33m[ 16:10:26 ] (l.126) param_expand.c       -> classic_sub ret[0m

[32m>>>>>>>>>>>>>>>>>>>>>>>>>>>>>>> [0m[32mNEW INSTANCE OF THE APPLICATION[0m[32m <<<<<<<<<<<<<<<<<<<<<<<<<<<<<<<[0m

[36m[ 16:10:30 ] (l. 42) ft_wordexp.c         -> ------------  ft_wordexp -------------------------[0m
[36m[ 16:10:30 ] (l. 43) ft_wordexp.c         -> Word : [echo][0m
[31m[1;33m[ 16:10:30 ] (l.235) param_expand.c       -> Word-exp : [echo][0m
[36m[ 16:10:30 ] (l. 42) ft_wordexp.c         -> ------------  ft_wordexp -------------------------[0m
[36m[ 16:10:30 ] (l. 43) ft_wordexp.c         -> Word : [${SHLVL}][0m
[31m[1;33m[ 16:10:30 ] (l.162) param_expand.c       -> ---------------- build_param -------------[0m
[31m[1;33m[ 16:10:30 ] (l.136) param_expand.c       -> exp SUP[0m
[31m[1;33m[ 16:10:30 ] (l.116) param_expand.c       -> ------------------ classic_sub -------------------[0m
[31m[1;33m[ 16:10:30 ] (l. 74) param_expand.c       -> get_var_exp  CURSOR == [SHLVL}][0m
[31m[1;33m[ 16:10:30 ] (l. 88) param_expand.c       -> get_var_exp == [SHLVL][0m
[31m[1;33m[ 16:10:30 ] (l.126) param_expand.c       -> classic_sub ret[0m
[31m[1;33m[ 16:10:30 ] (l.179) param_expand.c       -> result build_param = [3][0m
[31m[1;33m[ 16:10:30 ] (l.186) param_expand.c       -> --------- expand param --------- [3]  [0m
[36m[ 16:10:30 ] (l. 23) expansion_util.c     -> word->data.len : [0][0m
[36m[ 16:10:30 ] (l. 24) expansion_util.c     -> word->str  : [][0m
[36m[ 16:10:30 ] (l. 25) expansion_util.c     -> to_insert : [3][0m
[31m[1;33m[ 16:10:30 ] (l.235) param_expand.c       -> Word-exp : [3][0m

[32m>>>>>>>>>>>>>>>>>>>>>>>>>>>>>>> [0m[32mNEW INSTANCE OF THE APPLICATION[0m[32m <<<<<<<<<<<<<<<<<<<<<<<<<<<<<<<[0m


[32m>>>>>>>>>>>>>>>>>>>>>>>>>>>>>>> [0m[32mNEW INSTANCE OF THE APPLICATION[0m[32m <<<<<<<<<<<<<<<<<<<<<<<<<<<<<<<[0m

[36m[ 16:11:03 ] (l. 42) ft_wordexp.c         -> ------------  ft_wordexp -------------------------[0m
[36m[ 16:11:03 ] (l. 43) ft_wordexp.c         -> Word : [echo][0m
[31m[1;33m[ 16:11:03 ] (l.235) param_expand.c       -> Word-exp : [echo][0m
[36m[ 16:11:03 ] (l. 42) ft_wordexp.c         -> ------------  ft_wordexp -------------------------[0m
[36m[ 16:11:03 ] (l. 43) ft_wordexp.c         -> Word : [${SHLVLz}][0m
[31m[1;33m[ 16:11:03 ] (l.162) param_expand.c       -> ---------------- build_param -------------[0m
[31m[1;33m[ 16:11:03 ] (l.136) param_expand.c       -> exp SUP[0m
[31m[1;33m[ 16:11:03 ] (l.116) param_expand.c       -> ------------------ classic_sub -------------------[0m
[31m[1;33m[ 16:11:03 ] (l. 74) param_expand.c       -> get_var_exp  CURSOR == [SHLVLz}][0m
[31m[1;33m[ 16:11:03 ] (l. 88) param_expand.c       -> get_var_exp == [SHLVLz][0m
[31m[1;33m[ 16:11:03 ] (l.126) param_expand.c       -> classic_sub ret[0m

[32m>>>>>>>>>>>>>>>>>>>>>>>>>>>>>>> [0m[32mNEW INSTANCE OF THE APPLICATION[0m[32m <<<<<<<<<<<<<<<<<<<<<<<<<<<<<<<[0m

[36m[ 16:12:16 ] (l. 42) ft_wordexp.c         -> ------------  ft_wordexp -------------------------[0m
[36m[ 16:12:16 ] (l. 43) ft_wordexp.c         -> Word : [echo][0m
[31m[1;33m[ 16:12:16 ] (l.235) param_expand.c       -> Word-exp : [echo][0m
[36m[ 16:12:16 ] (l. 42) ft_wordexp.c         -> ------------  ft_wordexp -------------------------[0m
[36m[ 16:12:16 ] (l. 43) ft_wordexp.c         -> Word : [${SHLVLx}][0m
[31m[1;33m[ 16:12:16 ] (l.162) param_expand.c       -> ---------------- build_param -------------[0m
[31m[1;33m[ 16:12:16 ] (l.136) param_expand.c       -> exp SUP[0m
[31m[1;33m[ 16:12:16 ] (l.116) param_expand.c       -> ------------------ classic_sub -------------------[0m
[31m[1;33m[ 16:12:16 ] (l. 74) param_expand.c       -> get_var_exp  CURSOR == [SHLVLx}][0m
[31m[1;33m[ 16:12:16 ] (l. 88) param_expand.c       -> get_var_exp == [SHLVLx][0m
[31m[1;33m[ 16:12:16 ] (l.126) param_expand.c       -> classic_sub ret : [SHLVLx][0m

[32m>>>>>>>>>>>>>>>>>>>>>>>>>>>>>>> [0m[32mNEW INSTANCE OF THE APPLICATION[0m[32m <<<<<<<<<<<<<<<<<<<<<<<<<<<<<<<[0m

[36m[ 16:13:05 ] (l. 42) ft_wordexp.c         -> ------------  ft_wordexp -------------------------[0m
[36m[ 16:13:05 ] (l. 43) ft_wordexp.c         -> Word : [echo][0m
[31m[1;33m[ 16:13:05 ] (l.235) param_expand.c       -> Word-exp : [echo][0m
[36m[ 16:13:05 ] (l. 42) ft_wordexp.c         -> ------------  ft_wordexp -------------------------[0m
[36m[ 16:13:05 ] (l. 43) ft_wordexp.c         -> Word : [${SHLVL}][0m
[31m[1;33m[ 16:13:05 ] (l.162) param_expand.c       -> ---------------- build_param -------------[0m
[31m[1;33m[ 16:13:05 ] (l.136) param_expand.c       -> exp SUP[0m
[31m[1;33m[ 16:13:05 ] (l.116) param_expand.c       -> ------------------ classic_sub -------------------[0m
[31m[1;33m[ 16:13:05 ] (l. 74) param_expand.c       -> get_var_exp  CURSOR == [SHLVL}][0m
[31m[1;33m[ 16:13:05 ] (l. 88) param_expand.c       -> get_var_exp == [SHLVL][0m
[31m[1;33m[ 16:13:05 ] (l.127) param_expand.c       -> classic_sub ret : [3][0m
[31m[1;33m[ 16:13:05 ] (l.179) param_expand.c       -> result build_param = [3][0m
[31m[1;33m[ 16:13:05 ] (l.186) param_expand.c       -> --------- expand param --------- [3]  [0m
[36m[ 16:13:05 ] (l. 23) expansion_util.c     -> word->data.len : [0][0m
[36m[ 16:13:05 ] (l. 24) expansion_util.c     -> word->str  : [][0m
[36m[ 16:13:05 ] (l. 25) expansion_util.c     -> to_insert : [3][0m
[31m[1;33m[ 16:13:05 ] (l.235) param_expand.c       -> Word-exp : [3][0m
[36m[ 16:13:08 ] (l. 42) ft_wordexp.c         -> ------------  ft_wordexp -------------------------[0m
[36m[ 16:13:08 ] (l. 43) ft_wordexp.c         -> Word : [echo][0m
[31m[1;33m[ 16:13:08 ] (l.235) param_expand.c       -> Word-exp : [echo][0m
[36m[ 16:13:08 ] (l. 42) ft_wordexp.c         -> ------------  ft_wordexp -------------------------[0m
[36m[ 16:13:08 ] (l. 43) ft_wordexp.c         -> Word : [${SHLVLx}][0m
[31m[1;33m[ 16:13:08 ] (l.162) param_expand.c       -> ---------------- build_param -------------[0m
[31m[1;33m[ 16:13:08 ] (l.136) param_expand.c       -> exp SUP[0m
[31m[1;33m[ 16:13:08 ] (l.116) param_expand.c       -> ------------------ classic_sub -------------------[0m
[31m[1;33m[ 16:13:08 ] (l. 74) param_expand.c       -> get_var_exp  CURSOR == [SHLVLx}][0m
[31m[1;33m[ 16:13:08 ] (l. 88) param_expand.c       -> get_var_exp == [SHLVLx][0m
[31m[1;33m[ 16:13:08 ] (l.127) param_expand.c       -> classic_sub ret : [(null)][0m

[32m>>>>>>>>>>>>>>>>>>>>>>>>>>>>>>> [0m[32mNEW INSTANCE OF THE APPLICATION[0m[32m <<<<<<<<<<<<<<<<<<<<<<<<<<<<<<<[0m

[36m[ 16:13:13 ] (l. 42) ft_wordexp.c         -> ------------  ft_wordexp -------------------------[0m
[36m[ 16:13:13 ] (l. 43) ft_wordexp.c         -> Word : [echo][0m
[31m[1;33m[ 16:13:13 ] (l.235) param_expand.c       -> Word-exp : [echo][0m
[36m[ 16:13:13 ] (l. 42) ft_wordexp.c         -> ------------  ft_wordexp -------------------------[0m
[36m[ 16:13:13 ] (l. 43) ft_wordexp.c         -> Word : [${SHLVLx}][0m
[31m[1;33m[ 16:13:13 ] (l.162) param_expand.c       -> ---------------- build_param -------------[0m
[31m[1;33m[ 16:13:13 ] (l.136) param_expand.c       -> exp SUP[0m
[31m[1;33m[ 16:13:13 ] (l.116) param_expand.c       -> ------------------ classic_sub -------------------[0m
[31m[1;33m[ 16:13:13 ] (l. 74) param_expand.c       -> get_var_exp  CURSOR == [SHLVLx}][0m
[31m[1;33m[ 16:13:13 ] (l. 88) param_expand.c       -> get_var_exp == [SHLVLx][0m
[31m[1;33m[ 16:13:13 ] (l.127) param_expand.c       -> classic_sub ret : [(null)][0m

[32m>>>>>>>>>>>>>>>>>>>>>>>>>>>>>>> [0m[32mNEW INSTANCE OF THE APPLICATION[0m[32m <<<<<<<<<<<<<<<<<<<<<<<<<<<<<<<[0m

[36m[ 16:13:53 ] (l. 42) ft_wordexp.c         -> ------------  ft_wordexp -------------------------[0m
[36m[ 16:13:53 ] (l. 43) ft_wordexp.c         -> Word : [echo][0m
[31m[1;33m[ 16:13:53 ] (l.236) param_expand.c       -> Word-exp : [echo][0m
[36m[ 16:13:53 ] (l. 42) ft_wordexp.c         -> ------------  ft_wordexp -------------------------[0m
[36m[ 16:13:53 ] (l. 43) ft_wordexp.c         -> Word : [${SHLVLx}][0m
[31m[1;33m[ 16:13:53 ] (l.163) param_expand.c       -> ---------------- build_param -------------[0m
[31m[1;33m[ 16:13:53 ] (l.137) param_expand.c       -> exp SUP[0m
[31m[1;33m[ 16:13:53 ] (l.116) param_expand.c       -> ------------------ classic_sub -------------------[0m
[31m[1;33m[ 16:13:53 ] (l. 74) param_expand.c       -> get_var_exp  CURSOR == [SHLVLx}][0m
[31m[1;33m[ 16:13:53 ] (l. 88) param_expand.c       -> get_var_exp == [SHLVLx][0m
[31m[1;33m[ 16:13:53 ] (l.127) param_expand.c       -> classic_sub ret : [(null)][0m
[31m[1;33m[ 16:13:53 ] (l.180) param_expand.c       -> result build_param = [][0m
[31m[1;33m[ 16:13:53 ] (l.187) param_expand.c       -> --------- expand param --------- []  [0m
[36m[ 16:13:53 ] (l. 23) expansion_util.c     -> word->data.len : [0][0m
[36m[ 16:13:53 ] (l. 24) expansion_util.c     -> word->str  : [][0m
[36m[ 16:13:53 ] (l. 25) expansion_util.c     -> to_insert : [][0m
[31m[1;33m[ 16:13:53 ] (l.236) param_expand.c       -> Word-exp : [][0m
[36m[ 16:13:56 ] (l. 42) ft_wordexp.c         -> ------------  ft_wordexp -------------------------[0m
[36m[ 16:13:56 ] (l. 43) ft_wordexp.c         -> Word : [echo][0m
[31m[1;33m[ 16:13:56 ] (l.236) param_expand.c       -> Word-exp : [echo][0m
[36m[ 16:13:56 ] (l. 42) ft_wordexp.c         -> ------------  ft_wordexp -------------------------[0m
[36m[ 16:13:56 ] (l. 43) ft_wordexp.c         -> Word : [${SHLVLx}][0m
[31m[1;33m[ 16:13:56 ] (l.163) param_expand.c       -> ---------------- build_param -------------[0m
[31m[1;33m[ 16:13:56 ] (l.137) param_expand.c       -> exp SUP[0m
[31m[1;33m[ 16:13:56 ] (l.116) param_expand.c       -> ------------------ classic_sub -------------------[0m
[31m[1;33m[ 16:13:56 ] (l. 74) param_expand.c       -> get_var_exp  CURSOR == [SHLVLx}][0m
[31m[1;33m[ 16:13:56 ] (l. 88) param_expand.c       -> get_var_exp == [SHLVLx][0m
[31m[1;33m[ 16:13:56 ] (l.127) param_expand.c       -> classic_sub ret : [(null)][0m
[31m[1;33m[ 16:13:56 ] (l.180) param_expand.c       -> result build_param = [][0m
[31m[1;33m[ 16:13:56 ] (l.187) param_expand.c       -> --------- expand param --------- []  [0m
[36m[ 16:13:56 ] (l. 23) expansion_util.c     -> word->data.len : [0][0m
[36m[ 16:13:56 ] (l. 24) expansion_util.c     -> word->str  : [][0m
[36m[ 16:13:56 ] (l. 25) expansion_util.c     -> to_insert : [][0m
[31m[1;33m[ 16:13:56 ] (l.236) param_expand.c       -> Word-exp : [][0m
[36m[ 16:14:00 ] (l. 42) ft_wordexp.c         -> ------------  ft_wordexp -------------------------[0m
[36m[ 16:14:00 ] (l. 43) ft_wordexp.c         -> Word : [echo][0m
[31m[1;33m[ 16:14:00 ] (l.236) param_expand.c       -> Word-exp : [echo][0m
[36m[ 16:14:00 ] (l. 42) ft_wordexp.c         -> ------------  ft_wordexp -------------------------[0m
[36m[ 16:14:00 ] (l. 43) ft_wordexp.c         -> Word : [${SHLVLx-s}][0m
[31m[1;33m[ 16:14:00 ] (l.163) param_expand.c       -> ---------------- build_param -------------[0m
[31m[1;33m[ 16:14:00 ] (l.137) param_expand.c       -> exp SUP[0m
[31m[1;33m[ 16:14:00 ] (l.116) param_expand.c       -> ------------------ classic_sub -------------------[0m
[31m[1;33m[ 16:14:00 ] (l. 74) param_expand.c       -> get_var_exp  CURSOR == [SHLVLx-s}][0m
[31m[1;33m[ 16:14:00 ] (l. 88) param_expand.c       -> get_var_exp == [SHLVLx-s][0m
[31m[1;33m[ 16:14:00 ] (l.127) param_expand.c       -> classic_sub ret : [(null)][0m
[31m[1;33m[ 16:14:00 ] (l.180) param_expand.c       -> result build_param = [][0m
[31m[1;33m[ 16:14:00 ] (l.187) param_expand.c       -> --------- expand param --------- []  [0m
[36m[ 16:14:00 ] (l. 23) expansion_util.c     -> word->data.len : [0][0m
[36m[ 16:14:00 ] (l. 24) expansion_util.c     -> word->str  : [][0m
[36m[ 16:14:00 ] (l. 25) expansion_util.c     -> to_insert : [][0m
[31m[1;33m[ 16:14:00 ] (l.236) param_expand.c       -> Word-exp : [][0m
[36m[ 16:14:02 ] (l. 42) ft_wordexp.c         -> ------------  ft_wordexp -------------------------[0m
[36m[ 16:14:02 ] (l. 43) ft_wordexp.c         -> Word : [echo][0m
[31m[1;33m[ 16:14:02 ] (l.236) param_expand.c       -> Word-exp : [echo][0m
[36m[ 16:14:02 ] (l. 42) ft_wordexp.c         -> ------------  ft_wordexp -------------------------[0m
[36m[ 16:14:02 ] (l. 43) ft_wordexp.c         -> Word : [${SHLVLx-s}][0m
[31m[1;33m[ 16:14:02 ] (l.163) param_expand.c       -> ---------------- build_param -------------[0m
[31m[1;33m[ 16:14:02 ] (l.137) param_expand.c       -> exp SUP[0m
[31m[1;33m[ 16:14:02 ] (l.116) param_expand.c       -> ------------------ classic_sub -------------------[0m
[31m[1;33m[ 16:14:02 ] (l. 74) param_expand.c       -> get_var_exp  CURSOR == [SHLVLx-s}][0m
[31m[1;33m[ 16:14:02 ] (l. 88) param_expand.c       -> get_var_exp == [SHLVLx-s][0m
[31m[1;33m[ 16:14:02 ] (l.127) param_expand.c       -> classic_sub ret : [(null)][0m
[31m[1;33m[ 16:14:02 ] (l.180) param_expand.c       -> result build_param = [][0m
[31m[1;33m[ 16:14:02 ] (l.187) param_expand.c       -> --------- expand param --------- []  [0m
[36m[ 16:14:02 ] (l. 23) expansion_util.c     -> word->data.len : [0][0m
[36m[ 16:14:02 ] (l. 24) expansion_util.c     -> word->str  : [][0m
[36m[ 16:14:02 ] (l. 25) expansion_util.c     -> to_insert : [][0m
[31m[1;33m[ 16:14:02 ] (l.236) param_expand.c       -> Word-exp : [][0m
[36m[ 16:14:03 ] (l. 42) ft_wordexp.c         -> ------------  ft_wordexp -------------------------[0m
[36m[ 16:14:03 ] (l. 43) ft_wordexp.c         -> Word : [echo][0m
[31m[1;33m[ 16:14:03 ] (l.236) param_expand.c       -> Word-exp : [echo][0m
[36m[ 16:14:03 ] (l. 42) ft_wordexp.c         -> ------------  ft_wordexp -------------------------[0m
[36m[ 16:14:03 ] (l. 43) ft_wordexp.c         -> Word : [${SHLVLx-seffwe}][0m
[31m[1;33m[ 16:14:03 ] (l.163) param_expand.c       -> ---------------- build_param -------------[0m
[31m[1;33m[ 16:14:03 ] (l.137) param_expand.c       -> exp SUP[0m
[31m[1;33m[ 16:14:03 ] (l.116) param_expand.c       -> ------------------ classic_sub -------------------[0m
[31m[1;33m[ 16:14:03 ] (l. 74) param_expand.c       -> get_var_exp  CURSOR == [SHLVLx-seffwe}][0m
[31m[1;33m[ 16:14:03 ] (l. 88) param_expand.c       -> get_var_exp == [SHLVLx-seffwe][0m
[31m[1;33m[ 16:14:03 ] (l.127) param_expand.c       -> classic_sub ret : [(null)][0m
[31m[1;33m[ 16:14:03 ] (l.180) param_expand.c       -> result build_param = [][0m
[31m[1;33m[ 16:14:03 ] (l.187) param_expand.c       -> --------- expand param --------- []  [0m
[36m[ 16:14:03 ] (l. 23) expansion_util.c     -> word->data.len : [0][0m
[36m[ 16:14:03 ] (l. 24) expansion_util.c     -> word->str  : [][0m
[36m[ 16:14:03 ] (l. 25) expansion_util.c     -> to_insert : [][0m
[31m[1;33m[ 16:14:03 ] (l.236) param_expand.c       -> Word-exp : [][0m
[36m[ 16:14:09 ] (l. 42) ft_wordexp.c         -> ------------  ft_wordexp -------------------------[0m
[36m[ 16:14:09 ] (l. 43) ft_wordexp.c         -> Word : [echo][0m
[31m[1;33m[ 16:14:09 ] (l.236) param_expand.c       -> Word-exp : [echo][0m
[36m[ 16:14:09 ] (l. 42) ft_wordexp.c         -> ------------  ft_wordexp -------------------------[0m
[36m[ 16:14:09 ] (l. 43) ft_wordexp.c         -> Word : [${SHLVLx:-word}][0m
[31m[1;33m[ 16:14:09 ] (l.163) param_expand.c       -> ---------------- build_param -------------[0m
[31m[1;33m[ 16:14:09 ] (l.137) param_expand.c       -> exp SUP[0m
[31m[1;33m[ 16:14:09 ] (l. 95) param_expand.c       -> ------------------ substitute_word_if_null -------------------[0m
[31m[1;33m[ 16:14:09 ] (l. 74) param_expand.c       -> get_var_exp  CURSOR == [SHLVLx:-word}][0m
[31m[1;33m[ 16:14:09 ] (l. 88) param_expand.c       -> get_var_exp == [SHLVLx][0m
[31m[1;33m[ 16:14:09 ] (l. 63) param_expand.c       -> -----------  check_second_exp_var : [-word}] ------------  [0m
[31m[1;33m[ 16:14:09 ] (l. 68) param_expand.c       -> var_name = word[0m
[31m[1;33m[ 16:14:09 ] (l.110) param_expand.c       -> ENV_VALUE : [word][0m
[31m[1;33m[ 16:14:09 ] (l.180) param_expand.c       -> result build_param = [word][0m
[31m[1;33m[ 16:14:09 ] (l.187) param_expand.c       -> --------- expand param --------- [word]  [0m
[36m[ 16:14:09 ] (l. 23) expansion_util.c     -> word->data.len : [0][0m
[36m[ 16:14:09 ] (l. 24) expansion_util.c     -> word->str  : [][0m
[36m[ 16:14:09 ] (l. 25) expansion_util.c     -> to_insert : [word][0m
[31m[1;33m[ 16:14:09 ] (l.236) param_expand.c       -> Word-exp : [word][0m
[36m[ 16:14:11 ] (l. 42) ft_wordexp.c         -> ------------  ft_wordexp -------------------------[0m
[36m[ 16:14:11 ] (l. 43) ft_wordexp.c         -> Word : [echo][0m
[31m[1;33m[ 16:14:11 ] (l.236) param_expand.c       -> Word-exp : [echo][0m
[36m[ 16:14:11 ] (l. 42) ft_wordexp.c         -> ------------  ft_wordexp -------------------------[0m
[36m[ 16:14:11 ] (l. 43) ft_wordexp.c         -> Word : [${SHLVLx:word}][0m
[31m[1;33m[ 16:14:11 ] (l.163) param_expand.c       -> ---------------- build_param -------------[0m
[31m[1;33m[ 16:14:11 ] (l.137) param_expand.c       -> exp SUP[0m
[31m[1;33m[ 16:14:11 ] (l.116) param_expand.c       -> ------------------ classic_sub -------------------[0m
[31m[1;33m[ 16:14:11 ] (l. 74) param_expand.c       -> get_var_exp  CURSOR == [SHLVLx:word}][0m
[31m[1;33m[ 16:14:11 ] (l. 88) param_expand.c       -> get_var_exp == [SHLVLx][0m
[31m[1;33m[ 16:14:11 ] (l.127) param_expand.c       -> classic_sub ret : [(null)][0m
[31m[1;33m[ 16:14:11 ] (l.180) param_expand.c       -> result build_param = [][0m
[31m[1;33m[ 16:14:11 ] (l.187) param_expand.c       -> --------- expand param --------- []  [0m
[36m[ 16:14:11 ] (l. 23) expansion_util.c     -> word->data.len : [0][0m
[36m[ 16:14:11 ] (l. 24) expansion_util.c     -> word->str  : [][0m
[36m[ 16:14:11 ] (l. 25) expansion_util.c     -> to_insert : [][0m
[31m[1;33m[ 16:14:11 ] (l.236) param_expand.c       -> Word-exp : [][0m
[36m[ 16:14:16 ] (l. 42) ft_wordexp.c         -> ------------  ft_wordexp -------------------------[0m
[36m[ 16:14:16 ] (l. 43) ft_wordexp.c         -> Word : [echo][0m
[31m[1;33m[ 16:14:16 ] (l.236) param_expand.c       -> Word-exp : [echo][0m
[36m[ 16:14:16 ] (l. 42) ft_wordexp.c         -> ------------  ft_wordexp -------------------------[0m
[36m[ 16:14:16 ] (l. 43) ft_wordexp.c         -> Word : [${SHLVLx:-word}][0m
[31m[1;33m[ 16:14:16 ] (l.163) param_expand.c       -> ---------------- build_param -------------[0m
[31m[1;33m[ 16:14:16 ] (l.137) param_expand.c       -> exp SUP[0m
[31m[1;33m[ 16:14:16 ] (l. 95) param_expand.c       -> ------------------ substitute_word_if_null -------------------[0m
[31m[1;33m[ 16:14:16 ] (l. 74) param_expand.c       -> get_var_exp  CURSOR == [SHLVLx:-word}][0m
[31m[1;33m[ 16:14:16 ] (l. 88) param_expand.c       -> get_var_exp == [SHLVLx][0m
[31m[1;33m[ 16:14:16 ] (l. 63) param_expand.c       -> -----------  check_second_exp_var : [-word}] ------------  [0m
[31m[1;33m[ 16:14:16 ] (l. 68) param_expand.c       -> var_name = word[0m
[31m[1;33m[ 16:14:16 ] (l.110) param_expand.c       -> ENV_VALUE : [word][0m
[31m[1;33m[ 16:14:16 ] (l.180) param_expand.c       -> result build_param = [word][0m
[31m[1;33m[ 16:14:16 ] (l.187) param_expand.c       -> --------- expand param --------- [word]  [0m
[36m[ 16:14:16 ] (l. 23) expansion_util.c     -> word->data.len : [0][0m
[36m[ 16:14:16 ] (l. 24) expansion_util.c     -> word->str  : [][0m
[36m[ 16:14:16 ] (l. 25) expansion_util.c     -> to_insert : [word][0m
[31m[1;33m[ 16:14:16 ] (l.236) param_expand.c       -> Word-exp : [word][0m
